<?xml version="1.0" encoding="UTF-8"?>
<!-- Generated by org.testng.reporters.JUnitReportReporter -->
<testsuite hostname="LAPTOP-1OR5D2CT" name="testcases.TC005_DuplicateLead" tests="1" failures="0" timestamp="11 Jan 2018 03:39:33 GMT" time="29.234" errors="0">
  <testcase name="editLead" time="29.234" classname="testcases.TC005_DuplicateLead"/>
</testsuite> <!-- testcases.TC005_DuplicateLead -->
