<?xml version="1.0" encoding="UTF-8"?>
<!-- Generated by org.testng.reporters.JUnitReportReporter -->
<testsuite hostname="LAPTOP-1OR5D2CT" name="testcases.TC004_EditLead" tests="1" failures="0" timestamp="18 Jan 2018 07:42:44 GMT" time="89.803" errors="0">
  <testcase name="editLead" time="89.803" classname="testcases.TC004_EditLead"/>
</testsuite> <!-- testcases.TC004_EditLead -->
