<?xml version="1.0" encoding="UTF-8"?>
<!-- Generated by org.testng.reporters.JUnitReportReporter -->
<testsuite skipped="0" hostname="DESKTOP-TRQFG73" name="testcases.TC001_LogInLogOut" tests="2" failures="0" timestamp="09 Dec 2017 02:37:52 GMT" time="38.277" errors="0">
  <testcase name="logInLogOut" time="16.404" classname="testcases.TC001_LogInLogOut"/>
  <testcase name="logInLogOut" time="21.873" classname="testcases.TC001_LogInLogOut"/>
</testsuite> <!-- testcases.TC001_LogInLogOut -->
