<?xml version="1.0" encoding="UTF-8"?>
<!-- Generated by org.testng.reporters.JUnitReportReporter -->
<testsuite skipped="0" hostname="DESKTOP-TRQFG73" name="testcases.TC002_LogInFailer" tests="2" failures="0" timestamp="09 Dec 2017 02:37:52 GMT" time="35.749" errors="0">
  <testcase name="loginFail" time="21.250" classname="testcases.TC002_LogInFailer"/>
  <testcase name="loginFail" time="14.499" classname="testcases.TC002_LogInFailer"/>
</testsuite> <!-- testcases.TC002_LogInFailer -->
