<?xml version="1.0" encoding="UTF-8"?>
<!-- Generated by org.testng.reporters.JUnitReportReporter -->
<testsuite hostname="LAPTOP-1OR5D2CT" name="testcases.TC003_CreateLead" tests="1" failures="0" timestamp="27 Jan 2018 05:44:55 GMT" time="90.674" errors="0">
  <testcase name="createLead" time="90.674" classname="testcases.TC003_CreateLead"/>
</testsuite> <!-- testcases.TC003_CreateLead -->
