<?xml version="1.0" encoding="UTF-8"?>
<!-- Generated by org.testng.reporters.JUnitReportReporter -->
<testsuite hostname="LAPTOP-1OR5D2CT" name="grid.JqueryUi" tests="1" failures="0" timestamp="20 Jan 2018 11:25:25 GMT" time="21.694" errors="0">
  <testcase name="frame" time="21.694" classname="grid.JqueryUi"/>
</testsuite> <!-- grid.JqueryUi -->
